<?xml version="1.0" encoding="UTF-8"?>
<!-- Generated by org.testng.reporters.JUnitReportReporter -->
<testsuite hostname="fti-lap-09.futopstech.com" failures="0" tests="1" name="Tests.RegisterTest" time="6.866" errors="0" timestamp="2024-12-27T15:08:11 IST" skipped="0">
  <testcase classname="Tests.RegisterTest" name="RegisterUserDetails" time="6.866"/>
  <system-out/>
</testsuite> <!-- Tests.RegisterTest -->
