<?xml version="1.0" encoding="UTF-8"?>
<!-- Generated by org.testng.reporters.JUnitReportReporter -->
<testsuite hostname="fti-lap-09.futopstech.com" failures="0" tests="1" name="Tests.AddToCartTest" time="7.769" errors="0" timestamp="2024-12-27T18:02:53 IST" skipped="0">
  <testcase classname="Tests.AddToCartTest" name="addToCart" time="7.769"/>
  <system-out/>
</testsuite> <!-- Tests.AddToCartTest -->
